#-----------------------------------------------------------
# Vivado v2019.1 (64-bit)
# SW Build 2552052 on Fri May 24 14:49:42 MDT 2019
# IP Build 2548770 on Fri May 24 18:01:18 MDT 2019
# Start of session at: Mon Mar 30 15:08:12 2020
# Process ID: 18604
# Current directory: C:/Users/HP EliteBook Pro/Documents/GitHub/ELE3311_Projet2/projet2_raph_oumou
# Command line: vivado.exe -gui_launcher_event rodinguilauncherevent18180 C:\Users\HP EliteBook Pro\Documents\GitHub\ELE3311_Projet2\projet2_raph_oumou\projet2_raph_oumou.xpr
# Log file: C:/Users/HP EliteBook Pro/Documents/GitHub/ELE3311_Projet2/projet2_raph_oumou/vivado.log
# Journal file: C:/Users/HP EliteBook Pro/Documents/GitHub/ELE3311_Projet2/projet2_raph_oumou\vivado.jou
#-----------------------------------------------------------
start_gui
open_project {C:/Users/HP EliteBook Pro/Documents/GitHub/ELE3311_Projet2/projet2_raph_oumou/projet2_raph_oumou.xpr}
INFO: [Project 1-313] Project file moved from 'C:/Users/RAPH/Documents/Polytechnique/Systemes Logiques Programmables/Labos/Projet2GitHub/ELE3311_Projet2/projet2_raph_oumou' since last save.
Scanning sources...
Finished scanning sources
CRITICAL WARNING: [Project 1-505] Unrecognized Option Name DcpsUptoDate
WARNING: [Project 1-231] Project 'projet2_raph_oumou.xpr' was created with a future version and may or may not perform reliably with this version of Vivado. It has been opened in read-only mode for the protection of unrecognized data. Use 'File | Save Project As...' if you wish to alter a copy of the project.
INFO: [IP_Flow 19-234] Refreshing IP repositories
INFO: [IP_Flow 19-1704] No user IP repositories specified
INFO: [IP_Flow 19-2313] Loaded Vivado IP repository 'C:/Xilinx/Vivado/2019.1/data/ip'.
open_project: Time (s): cpu = 00:00:15 ; elapsed = 00:00:07 . Memory (MB): peak = 831.934 ; gain = 190.340
update_compile_order -fileset sources_1
exit
INFO: [Common 17-206] Exiting Vivado at Mon Mar 30 15:11:48 2020...
