#-----------------------------------------------------------
# Vivado v2019.2 (64-bit)
# SW Build 2708876 on Wed Nov  6 21:40:23 MST 2019
# IP Build 2700528 on Thu Nov  7 00:09:20 MST 2019
# Start of session at: Thu Apr  2 20:58:02 2020
# Process ID: 9944
# Current directory: C:/Users/HP EliteBook Pro/Documents/GitHub/ELE3311_Projet2/projet2_raph_oumou
# Command line: vivado.exe -gui_launcher_event rodinguilauncherevent13804 C:\Users\HP EliteBook Pro\Documents\GitHub\ELE3311_Projet2\projet2_raph_oumou\projet2_raph_oumou.xpr
# Log file: C:/Users/HP EliteBook Pro/Documents/GitHub/ELE3311_Projet2/projet2_raph_oumou/vivado.log
# Journal file: C:/Users/HP EliteBook Pro/Documents/GitHub/ELE3311_Projet2/projet2_raph_oumou\vivado.jou
#-----------------------------------------------------------
start_gui
oopen_project {C:/Users/HP EliteBook Pro/Documents/GitHub/ELE3311_Projet2/projet2_raph_oumou/projet2_raph_oumou.xpr}IINFO: [Project 1-313] Project file moved from 'C:/Users/RAPH/Documents/Polytechnique/Systemes_Logiques_Programmables/Labos/Projet2GitHub/ELE3311_Projet2/projet2_raph_oumou' since last save.
Scanning sources...
Finished scanning sources
INFO: [IP_Flow 19-234] Refreshing IP repositories
INFO: [IP_Flow 19-1704] No user IP repositories specified
INFO: [IP_Flow 19-2313] Loaded Vivado IP repository 'C:/Xilinx/Vivado/2019.2/data/ip'.oopen_project: Time (s): cpu = 00:00:38 ; elapsed = 00:00:27 . Memory (MB): peak = 891.996 ; gain = 250.090uupdate_compile_order -fileset sources_1
exit
INFO: [Common 17-206] Exiting Vivado at Thu Apr  2 20:59:30 2020...
