Copyright 1986-2019 Xilinx, Inc. All Rights Reserved.
-----------------------------------------------------------------------------------------------------------------------------------------------------------------------------------------------
| Tool Version : Vivado v.2019.2 (win64) Build 2708876 Wed Nov  6 21:40:23 MST 2019
| Date         : Mon Mar 30 22:37:06 2020
| Host         : RAPH running 64-bit major release  (build 9200)
| Command      : report_methodology -file simon_affichage_del_methodology_drc_routed.rpt -pb simon_affichage_del_methodology_drc_routed.pb -rpx simon_affichage_del_methodology_drc_routed.rpx
| Design       : simon_affichage_del
| Device       : xc7a200tsbg484-1
| Speed File   : -1
| Design State : Fully Routed
-----------------------------------------------------------------------------------------------------------------------------------------------------------------------------------------------

Report Methodology

Table of Contents
-----------------
1. REPORT SUMMARY
2. REPORT DETAILS

1. REPORT SUMMARY
-----------------
            Netlist: netlist
          Floorplan: design_1
      Design limits: <entire design considered>
             Max violations: <unlimited>
             Violations found: 21
+-----------+----------+-------------------------------+------------+
| Rule      | Severity | Description                   | Violations |
+-----------+----------+-------------------------------+------------+
| TIMING-18 | Warning  | Missing input or output delay | 14         |
| TIMING-20 | Warning  | Non-clocked latch             | 7          |
+-----------+----------+-------------------------------+------------+

2. REPORT DETAILS
-----------------
TIMING-18#1 Warning
Missing input or output delay  
An input delay is missing on btn_i[0] relative to clock(s) clk_100mhz_i
Related violations: <none>

TIMING-18#2 Warning
Missing input or output delay  
An input delay is missing on btn_i[1] relative to clock(s) clk_100mhz_i
Related violations: <none>

TIMING-18#3 Warning
Missing input or output delay  
An input delay is missing on btn_i[2] relative to clock(s) clk_100mhz_i
Related violations: <none>

TIMING-18#4 Warning
Missing input or output delay  
An input delay is missing on btn_i[3] relative to clock(s) clk_100mhz_i
Related violations: <none>

TIMING-18#5 Warning
Missing input or output delay  
An input delay is missing on rst_n_i relative to clock(s) clk_100mhz_i
Related violations: <none>

TIMING-18#6 Warning
Missing input or output delay  
An input delay is missing on start_game_i relative to clock(s) clk_100mhz_i
Related violations: <none>

TIMING-18#7 Warning
Missing input or output delay  
An output delay is missing on del_o[0] relative to clock(s) clk_100mhz_i
Related violations: <none>

TIMING-18#8 Warning
Missing input or output delay  
An output delay is missing on del_o[1] relative to clock(s) clk_100mhz_i
Related violations: <none>

TIMING-18#9 Warning
Missing input or output delay  
An output delay is missing on del_o[2] relative to clock(s) clk_100mhz_i
Related violations: <none>

TIMING-18#10 Warning
Missing input or output delay  
An output delay is missing on del_o[3] relative to clock(s) clk_100mhz_i
Related violations: <none>

TIMING-18#11 Warning
Missing input or output delay  
An output delay is missing on del_o[4] relative to clock(s) clk_100mhz_i
Related violations: <none>

TIMING-18#12 Warning
Missing input or output delay  
An output delay is missing on del_o[5] relative to clock(s) clk_100mhz_i
Related violations: <none>

TIMING-18#13 Warning
Missing input or output delay  
An output delay is missing on del_o[6] relative to clock(s) clk_100mhz_i
Related violations: <none>

TIMING-18#14 Warning
Missing input or output delay  
An output delay is missing on del_o[7] relative to clock(s) clk_100mhz_i
Related violations: <none>

TIMING-20#1 Warning
Non-clocked latch  
The latch prbs7_inst/seed_reg[0] cannot be properly analyzed as its control pin prbs7_inst/seed_reg[0]/G is not reached by a timing clock
Related violations: <none>

TIMING-20#2 Warning
Non-clocked latch  
The latch prbs7_inst/seed_reg[1] cannot be properly analyzed as its control pin prbs7_inst/seed_reg[1]/G is not reached by a timing clock
Related violations: <none>

TIMING-20#3 Warning
Non-clocked latch  
The latch prbs7_inst/seed_reg[2] cannot be properly analyzed as its control pin prbs7_inst/seed_reg[2]/G is not reached by a timing clock
Related violations: <none>

TIMING-20#4 Warning
Non-clocked latch  
The latch prbs7_inst/seed_reg[3] cannot be properly analyzed as its control pin prbs7_inst/seed_reg[3]/G is not reached by a timing clock
Related violations: <none>

TIMING-20#5 Warning
Non-clocked latch  
The latch prbs7_inst/seed_reg[4] cannot be properly analyzed as its control pin prbs7_inst/seed_reg[4]/G is not reached by a timing clock
Related violations: <none>

TIMING-20#6 Warning
Non-clocked latch  
The latch prbs7_inst/seed_reg[5] cannot be properly analyzed as its control pin prbs7_inst/seed_reg[5]/G is not reached by a timing clock
Related violations: <none>

TIMING-20#7 Warning
Non-clocked latch  
The latch prbs7_inst/seed_reg[6] cannot be properly analyzed as its control pin prbs7_inst/seed_reg[6]/G is not reached by a timing clock
Related violations: <none>


