Vivado Simulator 2019.2
Copyright 1986-1999, 2001-2019 Xilinx, Inc. All Rights Reserved.
Running: C:/Xilinx/Vivado/2019.2/bin/unwrapped/win64.o/xelab.exe -wto 6566a69c6277490a9acb63108059c35f --incr --debug typical --relax --mt 2 -L xil_defaultlib -L secureip --snapshot simon_affichage_del_tb_func_synth xil_defaultlib.simon_affichage_del_tb -log elaborate.log 
Using 2 slave threads.
Starting static elaboration
Completed static elaboration
Starting simulation data flow analysis
Completed simulation data flow analysis
Time Resolution for simulation is 1ps
Compiling package std.standard
Compiling package std.textio
Compiling package ieee.std_logic_1164
Compiling package ieee.numeric_std
Compiling package unisim.vcomponents
Compiling package ieee.vital_timing
Compiling package ieee.vital_primitives
Compiling package unisim.vpkg
Compiling architecture bufg_v of entity unisim.BUFG [bufg_default]
Compiling architecture ibuf_v of entity unisim.IBUF [\IBUF(1,9)(1,1)(1,4)(1,7)\]
Compiling architecture obuf_v of entity unisim.OBUF [\OBUF(1,9)(1,7)(1,4)\]
Compiling architecture lut4_v of entity unisim.LUT4 [\LUT4(init="0000000010101100")(0...]
Compiling architecture lut3_v of entity unisim.LUT3 [\LUT3(init="00000100")(0,7)\]
Compiling architecture lut6_v of entity unisim.LUT6 [\LUT6(init="11111111111111111111...]
Compiling architecture lut4_v of entity unisim.LUT4 [\LUT4(init="1111111111110111")(0...]
Compiling architecture lut4_v of entity unisim.LUT4 [\LUT4(init="1111111111011111")(0...]
Compiling architecture lut4_v of entity unisim.LUT4 [\LUT4(init="1111111101111111")(0...]
Compiling architecture lut4_v of entity unisim.LUT4 [\LUT4(init="1111111111101111")(0...]
Compiling architecture lut4_v of entity unisim.LUT4 [\LUT4(init="1111111111111110")(0...]
Compiling architecture lut5_v of entity unisim.LUT5 [\LUT5(init="11111111111111111111...]
Compiling architecture fdce_v of entity unisim.FDCE [fdce_default]
Compiling architecture ldce_v of entity unisim.LDCE [\LDCE(is_g_inverted='1')\]
Compiling architecture lut2_v of entity unisim.LUT2 [\LUT2(init="0010")(0,3)\]
Compiling architecture lut2_v of entity unisim.LUT2 [\LUT2(init="1000")(0,3)\]
Compiling architecture lut5_v of entity unisim.LUT5 [\LUT5(init="00000100111111110000...]
Compiling architecture fdre_v of entity unisim.FDRE [fdre_default]
Compiling architecture carry4_v of entity unisim.CARRY4 [carry4_default]
Compiling architecture structure of entity xil_defaultlib.delay_cnt [delay_cnt_default]
Compiling architecture lut2_v of entity unisim.LUT2 [\LUT2(init="0001")(0,3)\]
Compiling architecture fdse_v of entity unisim.FDSE [\FDSE(init='0')\]
Compiling architecture lut3_v of entity unisim.LUT3 [\LUT3(init="11100001")(0,7)\]
Compiling architecture lut1_v of entity unisim.LUT1 [\LUT1(init="0001")(0,3)\]
Compiling architecture structure of entity xil_defaultlib.heartbeat [heartbeat_default]
Compiling architecture lut6_v of entity unisim.LUT6 [\LUT6(init="10010000000010010000...]
Compiling architecture lut6_v of entity unisim.LUT6 [\LUT6(init="10010000000010010000...]
Compiling architecture lut2_v of entity unisim.LUT2 [\LUT2(init="0110")(0,3)\]
Compiling architecture lut3_v of entity unisim.LUT3 [\LUT3(init="01111000")(0,7)\]
Compiling architecture lut4_v of entity unisim.LUT4 [\LUT4(init="0111111110000000")(0...]
Compiling architecture lut5_v of entity unisim.LUT5 [\LUT5(init="01111111111111111000...]
Compiling architecture lut6_v of entity unisim.LUT6 [\LUT6(init="01111111111111111111...]
Compiling architecture lut6_v of entity unisim.LUT6 [\LUT6(init="10000000000000000000...]
Compiling architecture structure of entity xil_defaultlib.cnt [cnt_default]
Compiling architecture lut5_v of entity unisim.LUT5 [\LUT5(init="00001001010111110000...]
Compiling architecture lut5_v of entity unisim.LUT5 [\LUT5(init="00101100011101010010...]
Compiling architecture lut5_v of entity unisim.LUT5 [\LUT5(init="01001011101100110100...]
Compiling architecture lut5_v of entity unisim.LUT5 [\LUT5(init="01101000110111110110...]
Compiling architecture lut5_v of entity unisim.LUT5 [\LUT5(init="10110011011110111000...]
Compiling architecture lut5_v of entity unisim.LUT5 [\LUT5(init="10010010100100100011...]
Compiling architecture lut5_v of entity unisim.LUT5 [\LUT5(init="10011010100110100001...]
Compiling architecture lut5_v of entity unisim.LUT5 [\LUT5(init="10110110011101011011...]
Compiling architecture structure of entity xil_defaultlib.lumi [lumi_default]
Compiling architecture lut5_v of entity unisim.LUT5 [\LUT5(init="10011001100110001000...]
Compiling architecture lut3_v of entity unisim.LUT3 [\LUT3(init="10110100")(0,7)\]
Compiling architecture lut4_v of entity unisim.LUT4 [\LUT4(init="1110100011101010")(0...]
Compiling architecture lut6_v of entity unisim.LUT6 [\LUT6(init="00000000000000000000...]
Compiling architecture lut6_v of entity unisim.LUT6 [\LUT6(init="01100110011001100110...]
Compiling architecture lut6_v of entity unisim.LUT6 [\LUT6(init="00000000000000000000...]
Compiling architecture lut6_v of entity unisim.LUT6 [\LUT6(init="00000000000000000000...]
Compiling architecture lut6_v of entity unisim.LUT6 [\LUT6(init="11111111111011111111...]
Compiling architecture fdse_v of entity unisim.FDSE [fdse_default]
Compiling architecture lut6_v of entity unisim.LUT6 [\LUT6(init="01010101010101010101...]
Compiling architecture lut6_v of entity unisim.LUT6 [\LUT6(init="01010101010101010101...]
Compiling architecture lut6_v of entity unisim.LUT6 [\LUT6(init="10101010101010101010...]
Compiling architecture lut5_v of entity unisim.LUT5 [\LUT5(init="11111101111111110000...]
Compiling architecture lut4_v of entity unisim.LUT4 [\LUT4(init="0000000010100100")(0...]
Compiling architecture structure of entity xil_defaultlib.msa_display [msa_display_default]
Compiling architecture lut3_v of entity unisim.LUT3 [\LUT3(init="10111010")(0,7)\]
Compiling architecture lut3_v of entity unisim.LUT3 [\LUT3(init="11101010")(0,7)\]
Compiling architecture lut4_v of entity unisim.LUT4 [\LUT4(init="1111111110101110")(0...]
Compiling architecture fdpe_v of entity unisim.FDPE [fdpe_default]
Compiling architecture lut3_v of entity unisim.LUT3 [\LUT3(init="10101000")(0,7)\]
Compiling architecture lut5_v of entity unisim.LUT5 [\LUT5(init="11111111111111111111...]
Compiling architecture lut5_v of entity unisim.LUT5 [\LUT5(init="11111111111010101110...]
Compiling architecture lut4_v of entity unisim.LUT4 [\LUT4(init="1111100010001000")(0...]
Compiling architecture lut5_v of entity unisim.LUT5 [\LUT5(init="11111111111111111111...]
Compiling architecture structure of entity xil_defaultlib.msa_simon [msa_simon_default]
Compiling architecture lut4_v of entity unisim.LUT4 [\LUT4(init="0010000000110000")(0...]
Compiling architecture lut3_v of entity unisim.LUT3 [\LUT3(init="10001100")(0,7)\]
Compiling architecture lut5_v of entity unisim.LUT5 [\LUT5(init="10001000100010001000...]
Compiling architecture lut5_v of entity unisim.LUT5 [\LUT5(init="10001000101110001000...]
Compiling architecture lut5_v of entity unisim.LUT5 [\LUT5(init="10111000100010001000...]
Compiling architecture ldce_v of entity unisim.LDCE [ldce_default]
Compiling architecture lut4_v of entity unisim.LUT4 [\LUT4(init="1000101110111000")(0...]
Compiling architecture lut3_v of entity unisim.LUT3 [\LUT3(init="10111000")(0,7)\]
Compiling architecture structure of entity xil_defaultlib.prbs7 [prbs7_default]
Compiling architecture lut5_v of entity unisim.LUT5 [\LUT5(init="00010000111111110001...]
Compiling architecture lut6_v of entity unisim.LUT6 [\LUT6(init="00110011001111001111...]
Compiling architecture lut6_v of entity unisim.LUT6 [\LUT6(init="00000000000000000000...]
Compiling architecture lut5_v of entity unisim.LUT5 [\LUT5(init="00100000111111110010...]
Compiling architecture structure of entity xil_defaultlib.meta_harden [meta_harden_default]
Compiling architecture lut3_v of entity unisim.LUT3 [\LUT3(init="11011110")(0,7)\]
Compiling architecture structure of entity xil_defaultlib.cnt_0 [cnt_0_default]
Compiling architecture structure of entity xil_defaultlib.simon_affichage_del [simon_affichage_del_default]
Compiling architecture bench of entity xil_defaultlib.simon_affichage_del_tb
Built simulation snapshot simon_affichage_del_tb_func_synth
